mode: set
github.com/xuqingfeng/mailman/smtp/smtp.go:14.50,17.37 2 1
github.com/xuqingfeng/mailman/smtp/smtp.go:26.2,26.43 1 1
github.com/xuqingfeng/mailman/smtp/smtp.go:36.2,36.39 1 1
github.com/xuqingfeng/mailman/smtp/smtp.go:17.37,19.17 2 1
github.com/xuqingfeng/mailman/smtp/smtp.go:22.3,22.9 1 1
github.com/xuqingfeng/mailman/smtp/smtp.go:19.17,21.4 1 0
github.com/xuqingfeng/mailman/smtp/smtp.go:22.9,24.4 1 1
github.com/xuqingfeng/mailman/smtp/smtp.go:26.43,28.17 2 1
github.com/xuqingfeng/mailman/smtp/smtp.go:31.3,31.9 1 1
github.com/xuqingfeng/mailman/smtp/smtp.go:28.17,30.4 1 0
github.com/xuqingfeng/mailman/smtp/smtp.go:31.9,33.4 1 0
github.com/xuqingfeng/mailman/smtp/smtp.go:38.50,41.16 2 1
github.com/xuqingfeng/mailman/smtp/smtp.go:44.2,47.16 3 1
github.com/xuqingfeng/mailman/smtp/smtp.go:51.2,52.26 2 1
github.com/xuqingfeng/mailman/smtp/smtp.go:56.2,56.34 1 1
github.com/xuqingfeng/mailman/smtp/smtp.go:41.16,43.3 1 0
github.com/xuqingfeng/mailman/smtp/smtp.go:47.16,50.3 2 0
github.com/xuqingfeng/mailman/smtp/smtp.go:52.26,54.3 1 1
github.com/xuqingfeng/mailman/smtp/smtp.go:60.50,63.16 2 1
github.com/xuqingfeng/mailman/smtp/smtp.go:66.2,68.98 2 1
github.com/xuqingfeng/mailman/smtp/smtp.go:63.16,65.3 1 0
github.com/xuqingfeng/mailman/smtp/smtp.go:70.45,73.16 2 1
github.com/xuqingfeng/mailman/smtp/smtp.go:76.2,78.63 2 1
github.com/xuqingfeng/mailman/smtp/smtp.go:73.16,75.3 1 0
