mode: set
github.com/xuqingfeng/mailman/util/boltStore.go:26.52,30.16 2 1
github.com/xuqingfeng/mailman/util/boltStore.go:35.2,40.43 2 1
github.com/xuqingfeng/mailman/util/boltStore.go:45.2,45.19 1 1
github.com/xuqingfeng/mailman/util/boltStore.go:30.16,33.3 2 0
github.com/xuqingfeng/mailman/util/boltStore.go:40.43,43.3 2 0
github.com/xuqingfeng/mailman/util/boltStore.go:48.40,51.16 2 1
github.com/xuqingfeng/mailman/util/boltStore.go:55.2,58.67 2 1
github.com/xuqingfeng/mailman/util/boltStore.go:61.2,61.72 1 1
github.com/xuqingfeng/mailman/util/boltStore.go:64.2,64.73 1 1
github.com/xuqingfeng/mailman/util/boltStore.go:67.2,67.69 1 1
github.com/xuqingfeng/mailman/util/boltStore.go:70.2,70.69 1 1
github.com/xuqingfeng/mailman/util/boltStore.go:74.2,74.20 1 1
github.com/xuqingfeng/mailman/util/boltStore.go:51.16,53.3 1 0
github.com/xuqingfeng/mailman/util/boltStore.go:58.67,60.3 1 0
github.com/xuqingfeng/mailman/util/boltStore.go:61.72,63.3 1 0
github.com/xuqingfeng/mailman/util/boltStore.go:64.73,66.3 1 0
github.com/xuqingfeng/mailman/util/boltStore.go:67.69,69.3 1 0
github.com/xuqingfeng/mailman/util/boltStore.go:70.69,72.3 1 0
github.com/xuqingfeng/mailman/util/boltStore.go:78.35,81.2 1 1
github.com/xuqingfeng/mailman/util/boltStore.go:83.56,86.16 2 1
github.com/xuqingfeng/mailman/util/boltStore.go:89.2,92.41 3 1
github.com/xuqingfeng/mailman/util/boltStore.go:96.2,96.20 1 1
github.com/xuqingfeng/mailman/util/boltStore.go:86.16,88.3 1 0
github.com/xuqingfeng/mailman/util/boltStore.go:92.41,94.3 1 0
github.com/xuqingfeng/mailman/util/boltStore.go:99.63,102.16 2 1
github.com/xuqingfeng/mailman/util/boltStore.go:105.2,111.16 4 1
github.com/xuqingfeng/mailman/util/boltStore.go:115.2,115.38 1 1
github.com/xuqingfeng/mailman/util/boltStore.go:102.16,104.3 1 0
github.com/xuqingfeng/mailman/util/boltStore.go:111.16,113.3 1 1
github.com/xuqingfeng/mailman/util/boltStore.go:118.56,121.16 2 1
github.com/xuqingfeng/mailman/util/boltStore.go:124.2,129.16 4 1
github.com/xuqingfeng/mailman/util/boltStore.go:134.2,134.20 1 1
github.com/xuqingfeng/mailman/util/boltStore.go:121.16,123.3 1 0
github.com/xuqingfeng/mailman/util/boltStore.go:129.16,131.3 1 0
github.com/xuqingfeng/mailman/util/boltStore.go:137.59,140.16 2 1
github.com/xuqingfeng/mailman/util/boltStore.go:143.2,147.20 3 1
github.com/xuqingfeng/mailman/util/boltStore.go:140.16,142.3 1 0
github.com/xuqingfeng/mailman/util/boltStore.go:153.86,156.16 2 1
github.com/xuqingfeng/mailman/util/boltStore.go:159.2,165.57 5 1
github.com/xuqingfeng/mailman/util/boltStore.go:170.2,170.24 1 1
github.com/xuqingfeng/mailman/util/boltStore.go:156.16,158.3 1 0
github.com/xuqingfeng/mailman/util/boltStore.go:165.57,169.3 2 1
github.com/xuqingfeng/mailman/util/util.go:38.13,43.16 4 1
github.com/xuqingfeng/mailman/util/util.go:48.2,50.56 3 1
github.com/xuqingfeng/mailman/util/util.go:43.16,47.3 1 0
github.com/xuqingfeng/mailman/util/util.go:59.35,62.16 2 1
github.com/xuqingfeng/mailman/util/util.go:67.2,67.26 1 1
github.com/xuqingfeng/mailman/util/util.go:62.16,65.3 2 0
github.com/xuqingfeng/mailman/util/util.go:70.30,73.34 2 1
github.com/xuqingfeng/mailman/util/util.go:87.2,87.12 1 1
github.com/xuqingfeng/mailman/util/util.go:73.34,75.39 2 1
github.com/xuqingfeng/mailman/util/util.go:75.39,76.26 1 0
github.com/xuqingfeng/mailman/util/util.go:76.26,77.54 1 0
github.com/xuqingfeng/mailman/util/util.go:77.54,80.6 2 0
github.com/xuqingfeng/mailman/util/util.go:81.5,84.5 2 0
