mode: set
github.com/xuqingfeng/mailman/mail/attachment.go:12.71,18.19 4 1
github.com/xuqingfeng/mailman/mail/attachment.go:22.5,26.19 3 1
github.com/xuqingfeng/mailman/mail/attachment.go:31.5,31.15 1 1
github.com/xuqingfeng/mailman/mail/attachment.go:18.19,21.6 2 0
github.com/xuqingfeng/mailman/mail/attachment.go:26.19,29.6 2 0
github.com/xuqingfeng/mailman/mail/mail.go:27.32,30.16 2 1
github.com/xuqingfeng/mailman/mail/mail.go:33.2,34.16 2 1
github.com/xuqingfeng/mailman/mail/mail.go:37.2,42.22 4 1
github.com/xuqingfeng/mailman/mail/mail.go:48.2,51.19 2 1
github.com/xuqingfeng/mailman/mail/mail.go:56.2,58.39 3 1
github.com/xuqingfeng/mailman/mail/mail.go:65.2,70.40 4 1
github.com/xuqingfeng/mailman/mail/mail.go:74.2,74.12 1 0
github.com/xuqingfeng/mailman/mail/mail.go:30.16,32.3 1 0
github.com/xuqingfeng/mailman/mail/mail.go:34.16,36.3 1 0
github.com/xuqingfeng/mailman/mail/mail.go:42.22,45.3 1 0
github.com/xuqingfeng/mailman/mail/mail.go:51.19,53.3 1 0
github.com/xuqingfeng/mailman/mail/mail.go:58.39,59.46 1 0
github.com/xuqingfeng/mailman/mail/mail.go:59.46,62.4 2 0
github.com/xuqingfeng/mailman/mail/mail.go:70.40,73.3 2 1
github.com/xuqingfeng/mailman/mail/mail.go:76.43,82.16 4 1
github.com/xuqingfeng/mailman/mail/mail.go:89.2,89.16 1 1
github.com/xuqingfeng/mailman/mail/mail.go:82.16,85.3 2 1
github.com/xuqingfeng/mailman/mail/mail.go:85.3,87.3 1 0
