mode: set
github.com/xuqingfeng/mailman/account/account.go:14.42,17.16 2 1
github.com/xuqingfeng/mailman/account/account.go:20.2,23.16 3 1
github.com/xuqingfeng/mailman/account/account.go:27.2,28.26 2 1
github.com/xuqingfeng/mailman/account/account.go:32.2,32.17 1 1
github.com/xuqingfeng/mailman/account/account.go:17.16,19.3 1 0
github.com/xuqingfeng/mailman/account/account.go:23.16,26.3 2 0
github.com/xuqingfeng/mailman/account/account.go:28.26,30.3 1 1
github.com/xuqingfeng/mailman/account/account.go:34.41,37.16 2 1
github.com/xuqingfeng/mailman/account/account.go:40.2,43.95 3 1
github.com/xuqingfeng/mailman/account/account.go:37.16,39.3 1 0
github.com/xuqingfeng/mailman/account/account.go:45.52,48.16 2 1
github.com/xuqingfeng/mailman/account/account.go:51.2,54.16 3 1
github.com/xuqingfeng/mailman/account/account.go:58.2,60.46 2 1
github.com/xuqingfeng/mailman/account/account.go:48.16,50.3 1 0
github.com/xuqingfeng/mailman/account/account.go:54.16,57.3 2 0
github.com/xuqingfeng/mailman/account/account.go:62.40,65.16 2 1
github.com/xuqingfeng/mailman/account/account.go:68.2,70.64 2 1
github.com/xuqingfeng/mailman/account/account.go:65.16,67.3 1 0
github.com/xuqingfeng/mailman/account/account.go:73.46,76.2 1 1
github.com/xuqingfeng/mailman/account/account.go:77.55,81.2 2 1
